<?xml version="1.0" encoding="UTF-8"?>
<!-- Generated by org.testng.reporters.JUnitReportReporter -->
<testsuite hostname="LAPTOP-K54V0TU6" failures="0" tests="1" name="testJenkins.ApiHeaders" time="3.581" errors="0" timestamp="2024-03-22T19:07:13 IST" skipped="0">
  <testcase classname="testJenkins.ApiHeaders" name="getmethod" time="3.581"/>
</testsuite> <!-- testJenkins.ApiHeaders -->
